# JRE version: Java(TM) SE Runtime Environment (17.0.7+8) (build 17.0.7+8-LTS-224)
# Java VM: Java HotSpot(TM) 64-Bit Server VM (17.0.7+8-LTS-224, mixed mode, sharing, tiered, compressed oops, compressed class ptrs, g1 gc, windows-amd64)
GC Precious Log:
 CPUs: 8 total, 8 available
 Memory: 16110M
 Large Page Support: Disabled
 NUMA Support: Disabled
 Compressed Oops: Enabled (Zero based)
 Heap Region Size: 2M
 Heap Min Capacity: 8M
 Heap Initial Capacity: 252M
 Heap Max Capacity: 4028M
 Pre-touch: Disabled
 Parallel Workers: 8
 Concurrent Workers: 2
 Concurrent Refinement Workers: 8
 Periodic GC: Disabled
Heap:
 garbage-first heap   total 129024K, used 75638K [0x0000000704400000, 0x0000000800000000)
  region size 2048K, 13 young (26624K), 2 survivors (4096K)
 Metaspace       used 56854K, committed 57216K, reserved 1105920K
  class space    used 6735K, committed 6912K, reserved 1048576K
GC Heap History (20 events):
Event: 1.985 GC heap before
{Heap before GC invocations=4 (full 0):
 garbage-first heap   total 69632K, used 53817K [0x0000000704400000, 0x0000000800000000)
  region size 2048K, 23 young (47104K), 5 survivors (10240K)
 Metaspace       used 26707K, committed 27008K, reserved 1073152K
  class space    used 3589K, committed 3712K, reserved 1048576K
}
Event: 1.999 GC heap after
{Heap after GC invocations=5 (full 0):
 garbage-first heap   total 73728K, used 23173K [0x0000000704400000, 0x0000000800000000)
  region size 2048K, 8 young (16384K), 8 survivors (16384K)
 Metaspace       used 26707K, committed 27008K, reserved 1073152K
  class space    used 3589K, committed 3712K, reserved 1048576K
}
Event: 2.267 GC heap before
{Heap before GC invocations=5 (full 0):
 garbage-first heap   total 73728K, used 45701K [0x0000000704400000, 0x0000000800000000)
  region size 2048K, 20 young (40960K), 8 survivors (16384K)
 Metaspace       used 31819K, committed 32064K, reserved 1081344K
  class space    used 4052K, committed 4160K, reserved 1048576K
}
Event: 2.282 GC heap after
{Heap after GC invocations=6 (full 0):
 garbage-first heap   total 73728K, used 26515K [0x0000000704400000, 0x0000000800000000)
  region size 2048K, 2 young (4096K), 2 survivors (4096K)
 Metaspace       used 31819K, committed 32064K, reserved 1081344K
  class space    used 4052K, committed 4160K, reserved 1048576K
}
Event: 2.539 GC heap before
{Heap before GC invocations=6 (full 0):
 garbage-first heap   total 73728K, used 40851K [0x0000000704400000, 0x0000000800000000)
  region size 2048K, 10 young (20480K), 2 survivors (4096K)
 Metaspace       used 35775K, committed 35968K, reserved 1081344K
  class space    used 4454K, committed 4544K, reserved 1048576K
}
Event: 2.544 GC heap after
{Heap after GC invocations=7 (full 0):
 garbage-first heap   total 73728K, used 28368K [0x0000000704400000, 0x0000000800000000)
  region size 2048K, 1 young (2048K), 1 survivors (2048K)
 Metaspace       used 35775K, committed 35968K, reserved 1081344K
  class space    used 4454K, committed 4544K, reserved 1048576K
}
Event: 3.229 GC heap before
{Heap before GC invocations=8 (full 0):
 garbage-first heap   total 73728K, used 57040K [0x0000000704400000, 0x0000000800000000)
  region size 2048K, 14 young (28672K), 1 survivors (2048K)
 Metaspace       used 42557K, committed 42816K, reserved 1089536K
  class space    used 5334K, committed 5440K, reserved 1048576K
}
Event: 3.244 GC heap after
{Heap after GC invocations=9 (full 0):
 garbage-first heap   total 73728K, used 32442K [0x0000000704400000, 0x0000000800000000)
  region size 2048K, 2 young (4096K), 2 survivors (4096K)
 Metaspace       used 42557K, committed 42816K, reserved 1089536K
  class space    used 5334K, committed 5440K, reserved 1048576K
}
Event: 3.515 GC heap before
{Heap before GC invocations=9 (full 0):
 garbage-first heap   total 73728K, used 54970K [0x0000000704400000, 0x0000000800000000)
  region size 2048K, 13 young (26624K), 2 survivors (4096K)
 Metaspace       used 44684K, committed 44992K, reserved 1089536K
  class space    used 5606K, committed 5760K, reserved 1048576K
}
Event: 3.526 GC heap after
{Heap after GC invocations=10 (full 0):
 garbage-first heap   total 73728K, used 33949K [0x0000000704400000, 0x0000000800000000)
  region size 2048K, 1 young (2048K), 1 survivors (2048K)
 Metaspace       used 44684K, committed 44992K, reserved 1089536K
  class space    used 5606K, committed 5760K, reserved 1048576K
}
Event: 3.910 GC heap before
{Heap before GC invocations=10 (full 0):
 garbage-first heap   total 73728K, used 56477K [0x0000000704400000, 0x0000000800000000)
  region size 2048K, 12 young (24576K), 1 survivors (2048K)
 Metaspace       used 46394K, committed 46720K, reserved 1097728K
  class space    used 5816K, committed 5952K, reserved 1048576K
}
Event: 3.920 GC heap after
{Heap after GC invocations=11 (full 0):
 garbage-first heap   total 98304K, used 36864K [0x0000000704400000, 0x0000000800000000)
  region size 2048K, 2 young (4096K), 2 survivors (4096K)
 Metaspace       used 46394K, committed 46720K, reserved 1097728K
  class space    used 5816K, committed 5952K, reserved 1048576K
}
Event: 4.926 GC heap before
{Heap before GC invocations=11 (full 0):
 garbage-first heap   total 98304K, used 75776K [0x0000000704400000, 0x0000000800000000)
  region size 2048K, 21 young (43008K), 2 survivors (4096K)
 Metaspace       used 50755K, committed 51072K, reserved 1097728K
  class space    used 6252K, committed 6400K, reserved 1048576K
}
Event: 4.950 GC heap after
{Heap after GC invocations=12 (full 0):
 garbage-first heap   total 98304K, used 42059K [0x0000000704400000, 0x0000000800000000)
  region size 2048K, 3 young (6144K), 3 survivors (6144K)
 Metaspace       used 50755K, committed 51072K, reserved 1097728K
  class space    used 6252K, committed 6400K, reserved 1048576K
}
Event: 5.499 GC heap before
{Heap before GC invocations=12 (full 0):
 garbage-first heap   total 98304K, used 74827K [0x0000000704400000, 0x0000000800000000)
  region size 2048K, 19 young (38912K), 3 survivors (6144K)
 Metaspace       used 51391K, committed 51712K, reserved 1097728K
  class space    used 6276K, committed 6400K, reserved 1048576K
}
Event: 5.525 GC heap after
{Heap after GC invocations=13 (full 0):
 garbage-first heap   total 98304K, used 48534K [0x0000000704400000, 0x0000000800000000)
  region size 2048K, 3 young (6144K), 3 survivors (6144K)
 Metaspace       used 51391K, committed 51712K, reserved 1097728K
  class space    used 6276K, committed 6400K, reserved 1048576K
}
Event: 6.056 GC heap before
{Heap before GC invocations=13 (full 0):
 garbage-first heap   total 98304K, used 75158K [0x0000000704400000, 0x0000000800000000)
  region size 2048K, 16 young (32768K), 3 survivors (6144K)
 Metaspace       used 52928K, committed 53248K, reserved 1097728K
  class space    used 6434K, committed 6592K, reserved 1048576K
}
Event: 6.081 GC heap after
{Heap after GC invocations=14 (full 0):
 garbage-first heap   total 98304K, used 51872K [0x0000000704400000, 0x0000000800000000)
  region size 2048K, 2 young (4096K), 2 survivors (4096K)
 Metaspace       used 52928K, committed 53248K, reserved 1097728K
  class space    used 6434K, committed 6592K, reserved 1048576K
}
Event: 7.267 GC heap before
{Heap before GC invocations=14 (full 0):
 garbage-first heap   total 98304K, used 76448K [0x0000000704400000, 0x0000000800000000)
  region size 2048K, 14 young (28672K), 2 survivors (4096K)
 Metaspace       used 55252K, committed 55552K, reserved 1097728K
  class space    used 6663K, committed 6848K, reserved 1048576K
}
Event: 7.282 GC heap after
{Heap after GC invocations=15 (full 0):
 garbage-first heap   total 129024K, used 55158K [0x0000000704400000, 0x0000000800000000)
  region size 2048K, 2 young (4096K), 2 survivors (4096K)
 Metaspace       used 55252K, committed 55552K, reserved 1097728K
  class space    used 6663K, committed 6848K, reserved 1048576K
}

